
Mon Feb  6 15:15:56 EST 2023
Generate the QC reports
checkArgs(): 15.15.56.02.06.23
init(): 15.15.56.02.06.23
runQcChecks(): 15.15.56.02.06.23
['MGI:3603513', 'G530011O06Rikx', 'MGI:5434024', 'G530011O06Riky', 'Good relationship\n']
MGI:3603513 G530011O06Rikx MGI:5434024 G530011O06Riky
orgID: MGI:3603513 partID: MGI:5434024
org geneticChr: "XY" symbol: G530011O06Rikx
part geneticChr: "XY" symbol: G530011O06Riky
GenChrSet: {'X', 'Y'}
['MGI:2384747', 'Erdr1x', 'MGI:6096131', 'Erdr1y', 'Lines Duplicated In Input\n']
MGI:2384747 Erdr1x MGI:6096131 Erdr1y
orgID: MGI:2384747 partID: MGI:6096131
org geneticChr: "XY" symbol: Erdr1x
part geneticChr: "XY" symbol: Erdr1y
GenChrSet: {'X', 'Y'}
['MGI:2384747', 'Erdr1x', 'MGI:6096131', 'Erdr1y', 'Lines Duplicated In Input\n']
MGI:2384747 Erdr1x MGI:6096131 Erdr1y
orgID: MGI:2384747 partID: MGI:6096131
org geneticChr: "XY" symbol: Erdr1x
part geneticChr: "XY" symbol: Erdr1y
GenChrSet: {'X', 'Y'}
['', 'Mid1-ps1', 'MGI:3775191', 'Nlgn4l', 'Missing data in required column\n']
 Mid1-ps1 MGI:3775191 Nlgn4l
['a', 'b', 'line with less than four columns\n']
['MGI:6723883', 'Akap17a', 'MGI:6723883', 'Akap17a', 'Organizer and participant have same id\n']
MGI:6723883 Akap17a MGI:6723883 Akap17a
orgID: MGI:6723883 partID: MGI:6723883
['MGI:0000000', 'Mid1', 'MGI:1100537', 'Mid1', 'Invalid organizer\n']
MGI:0000000 Mid1 MGI:1100537 Mid1
orgID: MGI:0000000 partID: MGI:1100537
orgID not in parLookupDict
['MGI:1913456', '1110059E24Rik', 'MGI:6893974', 'Rr5752', 'Organizer/Participant Genomic Chromosome not "X" or "Y", organizer is on chr19\n']
MGI:1913456 1110059E24Rik MGI:6893974 Rr5752
orgID: MGI:1913456 partID: MGI:6893974
orgID not in parLookupDict
['MGI:6893975', 'abcde', 'MGI:6896700', 'Rr8478', 'Organizer and/or Participant ID does not match Symbol, organizer symbol should be Rr5753\n']
MGI:6893975 abcde MGI:6896700 Rr8478
orgID: MGI:6893975 partID: MGI:6896700
org geneticChr: "XY" symbol: Rr5753
orgSym != symbol
['MGI:87966', 'Agtr2', 'MGI:87990', 'Alas2', 'Organizer and/or Participant Genetic Chromosome is not "XY"\n']
MGI:87966 Agtr2 MGI:87990 Alas2
orgID: MGI:87966 partID: MGI:87990
orgID not in parLookupDict
writeReport(): 15.15.56.02.06.23
closeFiles(): 15.15.56.02.06.23
done: 15.15.56.02.06.23
Errors in QC load will not run. See /home/sc/work/dataload/partnerofload/bin/qc.rpt 

Mon Feb  6 15:15:56 EST 2023
Finished running QC checks on the input file
