Fatal QC - if published the file will not be loaded

                 Lines Duplicated In Input                  
Line#         Line                
------------  --------------------
3  MGI:2384747	Erdr1x	MGI:6096131	Erdr1y	Lines Duplicated In Input

Total: 1

                   Lines with < 4 Columns                   
Line#         Line                
------------  --------------------
5  a	b	line with less than four columns

Total: 1

              Missing Data in Required Columns              
Line#         Line                
------------  --------------------
4  	Mid1-ps1	MGI:3775191	Nlgn4l	Missing data in required column

Total: 1

           Organizer and Participant have same ID           
Line#         Line                
------------  --------------------
6  MGI:6723883	Akap17a	MGI:6723883	Akap17a	Organizer and participant have same id

Total: 1

          Invalid Organizer and/or Participant ID           
Line#         Line                
------------  --------------------
7  MGI:0000000	Mid1	MGI:1100537	Mid1	Invalid organizer
8  MGI:1913456	1110059E24Rik	MGI:6893974	Rr5752	Organizer/Participant Genomic Chromosome not "X" or "Y", organizer is on chr19
10  MGI:87966	Agtr2	MGI:87990	Alas2	Organizer and/or Participant Genetic Chromosome is not "XY"

Total: 3

   Organizer and/or Participant ID does not match Symbol    
Line#         Line                
------------  --------------------
9  MGI:6893975	abcde	MGI:6896700	Rr8478	Organizer and/or Participant ID does not match Symbol, organizer symbol should be Rr5753

Total: 1